1
exp/gaea_Peru_recoverjobs.json;643
ARGS
exp/gaea_Peru_recoverjobs.json
using the following metadata file:
exp/gaea_Peru_recoverjobs.json
number of jobs submitted:
643
numjob = 635, jobid = 975, nphotons = 100, cosz = -0.55, simulation time = 0.9711866696675618 minutes
numjob = 612, jobid = 924, nphotons = 100, cosz = -0.85, simulation time = 0.9744184692700704 minutes
numjob = 559, jobid = 841, nphotons = 100, cosz = -0.7, simulation time = 0.9778052369753519 minutes
numjob = 616, jobid = 951, nphotons = 100, cosz = -0.25, simulation time = 0.9784649173418681 minutes
numjob = 618, jobid = 953, nphotons = 100, cosz = -0.25, simulation time = 0.9791220625241598 minutes
numjob = 614, jobid = 949, nphotons = 100, cosz = -0.25, simulation time = 0.9794043143590291 minutes
numjob = 639, jobid = 982, nphotons = 100, cosz = -0.55, simulation time = 0.9805692394574483 minutes
numjob = 624, jobid = 964, nphotons = 100, cosz = -0.4, simulation time = 0.9805363059043884 minutes
numjob = 386, jobid = 595, nphotons = 100, cosz = -0.25, simulation time = 0.9804157177607219 minutes
numjob = 336, jobid = 518, nphotons = 100, cosz = -0.25, simulation time = 0.9807766119639079 minutes
numjob = 619, jobid = 956, nphotons = 100, cosz = -0.25, simulation time = 0.9809717456499736 minutes
numjob = 513, jobid = 770, nphotons = 100, cosz = -0.7, simulation time = 0.9810573895772298 minutes
numjob = 615, jobid = 950, nphotons = 100, cosz = -0.25, simulation time = 0.9810324788093567 minutes
numjob = 631, jobid = 971, nphotons = 100, cosz = -0.4, simulation time = 0.981257160504659 minutes
numjob = 568, jobid = 854, nphotons = 100, cosz = -0.85, simulation time = 0.9813252250353496 minutes
numjob = 481, jobid = 738, nphotons = 100, cosz = -0.25, simulation time = 0.9811872045199076 minutes
numjob = 141, jobid = 185, nphotons = 100, cosz = -0.55, simulation time = 0.9817834496498108 minutes
numjob = 628, jobid = 968, nphotons = 100, cosz = -0.4, simulation time = 0.982179601987203 minutes
numjob = 85, jobid = 107, nphotons = 100, cosz = -0.4, simulation time = 0.982168968518575 minutes
numjob = 622, jobid = 962, nphotons = 100, cosz = -0.4, simulation time = 0.9822850545247396 minutes
numjob = 636, jobid = 976, nphotons = 100, cosz = -0.55, simulation time = 0.9823561271031698 minutes
numjob = 531, jobid = 812, nphotons = 100, cosz = -0.25, simulation time = 0.9827308972676595 minutes
numjob = 502, jobid = 759, nphotons = 100, cosz = -0.55, simulation time = 0.9825743317604065 minutes
numjob = 632, jobid = 972, nphotons = 100, cosz = -0.55, simulation time = 0.9826384504636129 minutes
numjob = 621, jobid = 961, nphotons = 100, cosz = -0.4, simulation time = 0.982712992032369 minutes
numjob = 522, jobid = 782, nphotons = 100, cosz = -0.85, simulation time = 0.9831224004427592 minutes
numjob = 81, jobid = 103, nphotons = 100, cosz = -0.4, simulation time = 0.983231262365977 minutes
numjob = 142, jobid = 186, nphotons = 100, cosz = -0.55, simulation time = 0.9833512862523397 minutes
numjob = 637, jobid = 977, nphotons = 100, cosz = -0.55, simulation time = 0.9833879272143046 minutes
numjob = 557, jobid = 838, nphotons = 100, cosz = -0.55, simulation time = 0.9838873624801636 minutes
numjob = 84, jobid = 106, nphotons = 100, cosz = -0.4, simulation time = 0.9840589046478272 minutes
numjob = 50, jobid = 72, nphotons = 100, cosz = -0.1, simulation time = 0.9835695425669352 minutes
numjob = 460, jobid = 693, nphotons = 100, cosz = -0.55, simulation time = 0.9836310704549154 minutes
numjob = 466, jobid = 699, nphotons = 100, cosz = -0.7, simulation time = 0.983642594019572 minutes
numjob = 567, jobid = 852, nphotons = 100, cosz = -0.85, simulation time = 0.9842226187388102 minutes
numjob = 418, jobid = 627, nphotons = 100, cosz = -0.7, simulation time = 0.9839458505312602 minutes
numjob = 421, jobid = 630, nphotons = 100, cosz = -0.7, simulation time = 0.9842769265174866 minutes
numjob = 496, jobid = 753, nphotons = 100, cosz = -0.4, simulation time = 0.9840410749117533 minutes
numjob = 201, jobid = 264, nphotons = 100, cosz = -0.7, simulation time = 0.9843681295712788 minutes
numjob = 203, jobid = 266, nphotons = 100, cosz = -0.7, simulation time = 0.9845224221547445 minutes
numjob = 419, jobid = 628, nphotons = 100, cosz = -0.7, simulation time = 0.9845196604728699 minutes
numjob = 452, jobid = 685, nphotons = 100, cosz = -0.55, simulation time = 0.9842636624972025 minutes
numjob = 564, jobid = 848, nphotons = 100, cosz = -0.7, simulation time = 0.9844894448916117 minutes
numjob = 406, jobid = 615, nphotons = 100, cosz = -0.55, simulation time = 0.9847429831822713 minutes
numjob = 630, jobid = 970, nphotons = 100, cosz = -0.4, simulation time = 0.9850158770879109 minutes
numjob = 329, jobid = 478, nphotons = 100, cosz = -0.55, simulation time = 0.9848626931508382 minutes
numjob = 561, jobid = 843, nphotons = 100, cosz = -0.7, simulation time = 0.9850847085316976 minutes
numjob = 79, jobid = 101, nphotons = 100, cosz = -0.4, simulation time = 0.9852672139803569 minutes
numjob = 598, jobid = 905, nphotons = 100, cosz = -0.55, simulation time = 0.9847361048062643 minutes
numjob = 469, jobid = 702, nphotons = 100, cosz = -0.7, simulation time = 0.9848013559977213 minutes
numjob = 599, jobid = 906, nphotons = 100, cosz = -0.55, simulation time = 0.9852164268493653 minutes
numjob = 534, jobid = 815, nphotons = 100, cosz = -0.25, simulation time = 0.9852071404457092 minutes
numjob = 32, jobid = 32, nphotons = 100, cosz = -0.4, simulation time = 0.9854480067888896 minutes
numjob = 573, jobid = 880, nphotons = 100, cosz = -0.25, simulation time = 0.9855707128842671 minutes
numjob = 605, jobid = 912, nphotons = 100, cosz = -0.7, simulation time = 0.9847034454345703 minutes
numjob = 591, jobid = 898, nphotons = 100, cosz = -0.4, simulation time = 0.985561482111613 minutes
numjob = 89, jobid = 111, nphotons = 100, cosz = -0.55, simulation time = 0.9856186469395956 minutes
numjob = 550, jobid = 831, nphotons = 100, cosz = -0.55, simulation time = 0.9856284499168396 minutes
numjob = 405, jobid = 614, nphotons = 100, cosz = -0.55, simulation time = 0.9856385231018067 minutes
numjob = 587, jobid = 894, nphotons = 100, cosz = -0.4, simulation time = 0.9855868458747864 minutes
numjob = 364, jobid = 546, nphotons = 100, cosz = -0.55, simulation time = 0.9857390205065409 minutes
numjob = 579, jobid = 886, nphotons = 100, cosz = -0.25, simulation time = 0.9858100612958273 minutes
numjob = 195, jobid = 258, nphotons = 100, cosz = -0.55, simulation time = 0.9859809398651123 minutes
numjob = 373, jobid = 556, nphotons = 100, cosz = -0.7, simulation time = 0.9857551534970601 minutes
numjob = 471, jobid = 704, nphotons = 100, cosz = -0.7, simulation time = 0.9857107917467753 minutes
numjob = 532, jobid = 813, nphotons = 100, cosz = -0.25, simulation time = 0.9861833890279134 minutes
numjob = 248, jobid = 328, nphotons = 100, cosz = -0.55, simulation time = 0.9859490831693013 minutes
numjob = 204, jobid = 267, nphotons = 100, cosz = -0.7, simulation time = 0.9862572391827901 minutes
numjob = 242, jobid = 322, nphotons = 100, cosz = -0.4, simulation time = 0.986106808980306 minutes
numjob = 593, jobid = 900, nphotons = 100, cosz = -0.55, simulation time = 0.9862213095029195 minutes
numjob = 380, jobid = 589, nphotons = 100, cosz = -0.25, simulation time = 0.9860833843549093 minutes
numjob = 93, jobid = 115, nphotons = 100, cosz = -0.55, simulation time = 0.986470095316569 minutes
numjob = 440, jobid = 673, nphotons = 100, cosz = -0.4, simulation time = 0.9860654830932617 minutes
numjob = 150, jobid = 195, nphotons = 100, cosz = -0.7, simulation time = 0.9858731985092163 minutes
numjob = 498, jobid = 755, nphotons = 100, cosz = -0.4, simulation time = 0.9855041742324829 minutes
numjob = 633, jobid = 973, nphotons = 100, cosz = -0.55, simulation time = 0.9863389293352763 minutes
numjob = 420, jobid = 629, nphotons = 100, cosz = -0.7, simulation time = 0.9866445660591125 minutes
numjob = 620, jobid = 960, nphotons = 100, cosz = -0.4, simulation time = 0.9865043520927429 minutes
numjob = 228, jobid = 308, nphotons = 100, cosz = -0.25, simulation time = 0.9866758426030476 minutes
numjob = 563, jobid = 846, nphotons = 100, cosz = -0.7, simulation time = 0.9867010354995728 minutes
numjob = 608, jobid = 917, nphotons = 100, cosz = -0.7, simulation time = 0.9866342544555664 minutes
numjob = 13, jobid = 13, nphotons = 100, cosz = -0.25, simulation time = 0.9868358771006266 minutes
numjob = 222, jobid = 302, nphotons = 100, cosz = -0.25, simulation time = 0.9867024223009745 minutes
numjob = 509, jobid = 766, nphotons = 100, cosz = -0.55, simulation time = 0.9867251118024191 minutes
numjob = 549, jobid = 830, nphotons = 100, cosz = -0.55, simulation time = 0.9868888179461162 minutes
numjob = 184, jobid = 247, nphotons = 100, cosz = -0.4, simulation time = 0.9868953267733256 minutes
numjob = 565, jobid = 850, nphotons = 100, cosz = -0.7, simulation time = 0.9871299386024475 minutes
numjob = 601, jobid = 908, nphotons = 100, cosz = -0.55, simulation time = 0.9871250271797181 minutes
numjob = 387, jobid = 596, nphotons = 100, cosz = -0.25, simulation time = 0.9870696187019348 minutes
numjob = 551, jobid = 832, nphotons = 100, cosz = -0.55, simulation time = 0.9872246702512105 minutes
numjob = 370, jobid = 552, nphotons = 100, cosz = -0.7, simulation time = 0.9871557712554931 minutes
numjob = 413, jobid = 622, nphotons = 100, cosz = -0.55, simulation time = 0.9872321407000224 minutes
numjob = 508, jobid = 765, nphotons = 100, cosz = -0.55, simulation time = 0.9872863213221232 minutes
numjob = 33, jobid = 33, nphotons = 100, cosz = -0.4, simulation time = 0.9875373601913452 minutes
numjob = 476, jobid = 733, nphotons = 100, cosz = -0.25, simulation time = 0.9874676068623861 minutes
numjob = 397, jobid = 606, nphotons = 100, cosz = -0.4, simulation time = 0.9874932726224264 minutes
numjob = 300, jobid = 449, nphotons = 100, cosz = -0.25, simulation time = 0.9874656637509663 minutes
numjob = 288, jobid = 403, nphotons = 100, cosz = -0.55, simulation time = 0.9873820344607035 minutes
numjob = 435, jobid = 668, nphotons = 100, cosz = -0.25, simulation time = 0.9873669068018596 minutes
numjob = 27, jobid = 27, nphotons = 100, cosz = -0.4, simulation time = 0.9876730879147847 minutes
numjob = 136, jobid = 180, nphotons = 100, cosz = -0.55, simulation time = 0.9877326091130575 minutes
numjob = 603, jobid = 910, nphotons = 100, cosz = -0.55, simulation time = 0.9875649293263753 minutes
numjob = 554, jobid = 835, nphotons = 100, cosz = -0.55, simulation time = 0.98752814133962 minutes
numjob = 132, jobid = 176, nphotons = 100, cosz = -0.4, simulation time = 0.9877193689346313 minutes
numjob = 456, jobid = 689, nphotons = 100, cosz = -0.55, simulation time = 0.9874651789665222 minutes
numjob = 474, jobid = 710, nphotons = 100, cosz = -0.85, simulation time = 0.9868645270665487 minutes
numjob = 450, jobid = 683, nphotons = 100, cosz = -0.4, simulation time = 0.9876031716664632 minutes
numjob = 174, jobid = 237, nphotons = 100, cosz = -0.25, simulation time = 0.9875982999801636 minutes
numjob = 414, jobid = 623, nphotons = 100, cosz = -0.55, simulation time = 0.9877349098523458 minutes
numjob = 592, jobid = 899, nphotons = 100, cosz = -0.4, simulation time = 0.9878284056981405 minutes
numjob = 46, jobid = 46, nphotons = 100, cosz = -0.55, simulation time = 0.9880641142527262 minutes
numjob = 137, jobid = 181, nphotons = 100, cosz = -0.55, simulation time = 0.9881739656130473 minutes
numjob = 638, jobid = 980, nphotons = 100, cosz = -0.55, simulation time = 0.9879485130310058 minutes
numjob = 589, jobid = 896, nphotons = 100, cosz = -0.4, simulation time = 0.9881685018539429 minutes
numjob = 36, jobid = 36, nphotons = 100, cosz = -0.55, simulation time = 0.9882312496503194 minutes
numjob = 40, jobid = 40, nphotons = 100, cosz = -0.55, simulation time = 0.98827699025472 minutes
numjob = 521, jobid = 779, nphotons = 100, cosz = -0.7, simulation time = 0.9883366743723552 minutes
numjob = 283, jobid = 398, nphotons = 100, cosz = -0.55, simulation time = 0.9881447116533916 minutes
numjob = 151, jobid = 201, nphotons = 100, cosz = -0.7, simulation time = 0.9881423950195313 minutes
numjob = 527, jobid = 808, nphotons = 100, cosz = -0.25, simulation time = 0.9883604884147644 minutes
numjob = 251, jobid = 331, nphotons = 100, cosz = -0.55, simulation time = 0.9881731510162354 minutes
numjob = 47, jobid = 47, nphotons = 100, cosz = -0.55, simulation time = 0.9882940928141276 minutes
numjob = 244, jobid = 324, nphotons = 100, cosz = -0.55, simulation time = 0.9882925550142924 minutes
numjob = 510, jobid = 767, nphotons = 100, cosz = -0.55, simulation time = 0.9883822719256083 minutes
numjob = 586, jobid = 893, nphotons = 100, cosz = -0.4, simulation time = 0.9881788571675618 minutes
numjob = 553, jobid = 834, nphotons = 100, cosz = -0.55, simulation time = 0.9875737071037293 minutes
numjob = 245, jobid = 325, nphotons = 100, cosz = -0.55, simulation time = 0.988407552242279 minutes
numjob = 309, jobid = 458, nphotons = 100, cosz = -0.4, simulation time = 0.988410762945811 minutes
numjob = 516, jobid = 773, nphotons = 100, cosz = -0.7, simulation time = 0.98851611216863 minutes
numjob = 217, jobid = 297, nphotons = 100, cosz = -0.1, simulation time = 0.9884233633677165 minutes
numjob = 240, jobid = 320, nphotons = 100, cosz = -0.4, simulation time = 0.9885498523712158 minutes
numjob = 490, jobid = 747, nphotons = 100, cosz = -0.4, simulation time = 0.9884338736534118 minutes
numjob = 367, jobid = 549, nphotons = 100, cosz = -0.55, simulation time = 0.9885138630867004 minutes
numjob = 545, jobid = 826, nphotons = 100, cosz = -0.4, simulation time = 0.9885826269785564 minutes
numjob = 214, jobid = 294, nphotons = 100, cosz = -0.1, simulation time = 0.9885711828867595 minutes
numjob = 423, jobid = 632, nphotons = 100, cosz = -0.7, simulation time = 0.9884243369102478 minutes
numjob = 424, jobid = 633, nphotons = 100, cosz = -0.7, simulation time = 0.9885679642359416 minutes
numjob = 116, jobid = 160, nphotons = 100, cosz = -0.25, simulation time = 0.9878852009773255 minutes
numjob = 321, jobid = 470, nphotons = 100, cosz = -0.55, simulation time = 0.9885453303654989 minutes
numjob = 536, jobid = 817, nphotons = 100, cosz = -0.4, simulation time = 0.9885650237401327 minutes
numjob = 548, jobid = 829, nphotons = 100, cosz = -0.55, simulation time = 0.988474980990092 minutes
numjob = 139, jobid = 183, nphotons = 100, cosz = -0.55, simulation time = 0.9885808149973552 minutes
numjob = 540, jobid = 821, nphotons = 100, cosz = -0.4, simulation time = 0.9886573473612468 minutes
numjob = 303, jobid = 452, nphotons = 100, cosz = -0.25, simulation time = 0.9886529008547466 minutes
numjob = 44, jobid = 44, nphotons = 100, cosz = -0.55, simulation time = 0.9887450655301412 minutes
numjob = 246, jobid = 326, nphotons = 100, cosz = -0.55, simulation time = 0.9887412786483765 minutes
numjob = 275, jobid = 390, nphotons = 100, cosz = -0.4, simulation time = 0.9889185031255087 minutes
numjob = 517, jobid = 775, nphotons = 100, cosz = -0.7, simulation time = 0.9888737440109253 minutes
numjob = 215, jobid = 295, nphotons = 100, cosz = -0.1, simulation time = 0.9891580979029337 minutes
numjob = 407, jobid = 616, nphotons = 100, cosz = -0.55, simulation time = 0.9892452120780945 minutes
numjob = 305, jobid = 454, nphotons = 100, cosz = -0.25, simulation time = 0.9884356776873271 minutes
numjob = 129, jobid = 173, nphotons = 100, cosz = -0.4, simulation time = 0.9892661809921265 minutes
numjob = 197, jobid = 260, nphotons = 100, cosz = -0.55, simulation time = 0.9893415013949076 minutes
numjob = 518, jobid = 776, nphotons = 100, cosz = -0.7, simulation time = 0.9893109838167826 minutes
numjob = 273, jobid = 388, nphotons = 100, cosz = -0.4, simulation time = 0.9892637848854064 minutes
numjob = 98, jobid = 120, nphotons = 100, cosz = -0.7, simulation time = 0.9893244981765748 minutes
numjob = 434, jobid = 667, nphotons = 100, cosz = -0.25, simulation time = 0.9891344388326009 minutes
numjob = 609, jobid = 920, nphotons = 100, cosz = -0.7, simulation time = 0.988638949394226 minutes
numjob = 182, jobid = 245, nphotons = 100, cosz = -0.4, simulation time = 0.9895988861719768 minutes
numjob = 80, jobid = 102, nphotons = 100, cosz = -0.4, simulation time = 0.9895806272824605 minutes
numjob = 236, jobid = 316, nphotons = 100, cosz = -0.4, simulation time = 0.9895618279774984 minutes
numjob = 325, jobid = 474, nphotons = 100, cosz = -0.55, simulation time = 0.9897199114163716 minutes
numjob = 199, jobid = 262, nphotons = 100, cosz = -0.55, simulation time = 0.9899332125981649 minutes
numjob = 77, jobid = 99, nphotons = 100, cosz = -0.4, simulation time = 0.9897699117660522 minutes
numjob = 488, jobid = 745, nphotons = 100, cosz = -0.4, simulation time = 0.9895525852839152 minutes
numjob = 295, jobid = 444, nphotons = 100, cosz = -0.25, simulation time = 0.98969753185908 minutes
numjob = 479, jobid = 736, nphotons = 100, cosz = -0.25, simulation time = 0.9895133137702942 minutes
numjob = 320, jobid = 469, nphotons = 100, cosz = -0.55, simulation time = 0.9896756410598755 minutes
numjob = 145, jobid = 189, nphotons = 100, cosz = -0.55, simulation time = 0.9887307325998942 minutes
numjob = 449, jobid = 682, nphotons = 100, cosz = -0.4, simulation time = 0.989522393544515 minutes
numjob = 409, jobid = 618, nphotons = 100, cosz = -0.55, simulation time = 0.9898413062095642 minutes
numjob = 148, jobid = 193, nphotons = 100, cosz = -0.7, simulation time = 0.9894559105237325 minutes
numjob = 539, jobid = 820, nphotons = 100, cosz = -0.4, simulation time = 0.989912192026774 minutes
numjob = 48, jobid = 50, nphotons = 100, cosz = -0.7, simulation time = 0.9899047056833903 minutes
numjob = 95, jobid = 117, nphotons = 100, cosz = -0.55, simulation time = 0.9899041493733723 minutes
numjob = 91, jobid = 113, nphotons = 100, cosz = -0.55, simulation time = 0.9900893489519755 minutes
numjob = 433, jobid = 666, nphotons = 100, cosz = -0.25, simulation time = 0.9896968642870585 minutes
numjob = 507, jobid = 764, nphotons = 100, cosz = -0.55, simulation time = 0.9901779850323995 minutes
numjob = 538, jobid = 819, nphotons = 100, cosz = -0.4, simulation time = 0.989930260181427 minutes
numjob = 528, jobid = 809, nphotons = 100, cosz = -0.25, simulation time = 0.9900134722391765 minutes
numjob = 583, jobid = 890, nphotons = 100, cosz = -0.4, simulation time = 0.9900441606839497 minutes
numjob = 588, jobid = 895, nphotons = 100, cosz = -0.4, simulation time = 0.9898981014887492 minutes
numjob = 299, jobid = 448, nphotons = 100, cosz = -0.25, simulation time = 0.9900797963142395 minutes
numjob = 606, jobid = 913, nphotons = 100, cosz = -0.7, simulation time = 0.9901858806610108 minutes
numjob = 261, jobid = 376, nphotons = 100, cosz = -0.25, simulation time = 0.990079669157664 minutes
numjob = 149, jobid = 194, nphotons = 100, cosz = -0.7, simulation time = 0.990007217725118 minutes
numjob = 396, jobid = 605, nphotons = 100, cosz = -0.4, simulation time = 0.9903649727503459 minutes
numjob = 464, jobid = 697, nphotons = 100, cosz = -0.7, simulation time = 0.9900927305221557 minutes
numjob = 17, jobid = 17, nphotons = 100, cosz = -0.25, simulation time = 0.9903630256652832 minutes
numjob = 327, jobid = 476, nphotons = 100, cosz = -0.55, simulation time = 0.9901451388994853 minutes
numjob = 216, jobid = 296, nphotons = 100, cosz = -0.1, simulation time = 0.9901396036148071 minutes
numjob = 515, jobid = 772, nphotons = 100, cosz = -0.7, simulation time = 0.9905077815055847 minutes
numjob = 323, jobid = 472, nphotons = 100, cosz = -0.55, simulation time = 0.9903074940045674 minutes
numjob = 231, jobid = 311, nphotons = 100, cosz = -0.25, simulation time = 0.9903199394543966 minutes
numjob = 287, jobid = 402, nphotons = 100, cosz = -0.55, simulation time = 0.9903897245724996 minutes
numjob = 356, jobid = 538, nphotons = 100, cosz = -0.4, simulation time = 0.9901790897051493 minutes
numjob = 558, jobid = 839, nphotons = 100, cosz = -0.55, simulation time = 0.9902562061945598 minutes
numjob = 365, jobid = 547, nphotons = 100, cosz = -0.55, simulation time = 0.9902578433354695 minutes
numjob = 298, jobid = 447, nphotons = 100, cosz = -0.25, simulation time = 0.9905021588007609 minutes
numjob = 344, jobid = 526, nphotons = 100, cosz = -0.25, simulation time = 0.9904131611188253 minutes
numjob = 322, jobid = 471, nphotons = 100, cosz = -0.55, simulation time = 0.9896944204966227 minutes
numjob = 444, jobid = 677, nphotons = 100, cosz = -0.4, simulation time = 0.9902758240699768 minutes
numjob = 37, jobid = 37, nphotons = 100, cosz = -0.55, simulation time = 0.9903978188832601 minutes
numjob = 617, jobid = 952, nphotons = 100, cosz = -0.25, simulation time = 0.9902482827504476 minutes
numjob = 205, jobid = 269, nphotons = 100, cosz = -0.7, simulation time = 0.9903802792231242 minutes
numjob = 293, jobid = 410, nphotons = 100, cosz = -0.7, simulation time = 0.989785103003184 minutes
numjob = 590, jobid = 897, nphotons = 100, cosz = -0.4, simulation time = 0.9904153108596802 minutes
numjob = 190, jobid = 253, nphotons = 100, cosz = -0.55, simulation time = 0.9904078642527262 minutes
numjob = 262, jobid = 377, nphotons = 100, cosz = -0.25, simulation time = 0.9903672377268473 minutes
numjob = 415, jobid = 624, nphotons = 100, cosz = -0.7, simulation time = 0.9905640085538229 minutes
numjob = 446, jobid = 679, nphotons = 100, cosz = -0.4, simulation time = 0.9903974890708923 minutes
numjob = 576, jobid = 883, nphotons = 100, cosz = -0.25, simulation time = 0.9904674609502157 minutes
numjob = 542, jobid = 823, nphotons = 100, cosz = -0.4, simulation time = 0.9905962745348612 minutes
numjob = 31, jobid = 31, nphotons = 100, cosz = -0.4, simulation time = 0.9907200614611308 minutes
numjob = 417, jobid = 626, nphotons = 100, cosz = -0.7, simulation time = 0.9907718578974406 minutes
numjob = 580, jobid = 887, nphotons = 100, cosz = -0.25, simulation time = 0.9906101544698079 minutes
numjob = 76, jobid = 98, nphotons = 100, cosz = -0.4, simulation time = 0.9908132712046306 minutes
numjob = 410, jobid = 619, nphotons = 100, cosz = -0.55, simulation time = 0.9909034967422485 minutes
numjob = 343, jobid = 525, nphotons = 100, cosz = -0.25, simulation time = 0.9908803184827168 minutes
numjob = 520, jobid = 778, nphotons = 100, cosz = -0.7, simulation time = 0.9907194256782532 minutes
numjob = 453, jobid = 686, nphotons = 100, cosz = -0.55, simulation time = 0.9906069954236348 minutes
numjob = 572, jobid = 879, nphotons = 100, cosz = -0.25, simulation time = 0.9907648245493571 minutes
numjob = 121, jobid = 165, nphotons = 100, cosz = -0.25, simulation time = 0.9907361984252929 minutes
numjob = 623, jobid = 963, nphotons = 100, cosz = -0.4, simulation time = 0.9907916386922201 minutes
numjob = 398, jobid = 607, nphotons = 100, cosz = -0.4, simulation time = 0.9908866683642069 minutes
numjob = 169, jobid = 232, nphotons = 100, cosz = -0.25, simulation time = 0.990773332118988 minutes
numjob = 241, jobid = 321, nphotons = 100, cosz = -0.4, simulation time = 0.9908538301785786 minutes
numjob = 29, jobid = 29, nphotons = 100, cosz = -0.4, simulation time = 0.9909361799558004 minutes
numjob = 493, jobid = 750, nphotons = 100, cosz = -0.4, simulation time = 0.9907099366188049 minutes
numjob = 170, jobid = 233, nphotons = 100, cosz = -0.25, simulation time = 0.9908316055933635 minutes
numjob = 401, jobid = 610, nphotons = 100, cosz = -0.4, simulation time = 0.9910300572713217 minutes
numjob = 408, jobid = 617, nphotons = 100, cosz = -0.55, simulation time = 0.9911293307940165 minutes
numjob = 73, jobid = 95, nphotons = 100, cosz = -0.25, simulation time = 0.9910215139389038 minutes
numjob = 334, jobid = 516, nphotons = 100, cosz = -0.25, simulation time = 0.9911295692125957 minutes
numjob = 634, jobid = 974, nphotons = 100, cosz = -0.55, simulation time = 0.9910240689913432 minutes
numjob = 363, jobid = 545, nphotons = 100, cosz = -0.55, simulation time = 0.9910400946935017 minutes
numjob = 165, jobid = 228, nphotons = 100, cosz = -0.25, simulation time = 0.9909808874130249 minutes
numjob = 352, jobid = 534, nphotons = 100, cosz = -0.4, simulation time = 0.9911780675252279 minutes
numjob = 96, jobid = 118, nphotons = 100, cosz = -0.55, simulation time = 0.9913050889968872 minutes
numjob = 437, jobid = 670, nphotons = 100, cosz = -0.25, simulation time = 0.9910881161689759 minutes
numjob = 448, jobid = 681, nphotons = 100, cosz = -0.4, simulation time = 0.9911887168884277 minutes
numjob = 511, jobid = 768, nphotons = 100, cosz = -0.7, simulation time = 0.9913514812787374 minutes
numjob = 331, jobid = 480, nphotons = 100, cosz = -0.7, simulation time = 0.9901838103930155 minutes
numjob = 237, jobid = 317, nphotons = 100, cosz = -0.4, simulation time = 0.9913636207580566 minutes
numjob = 426, jobid = 635, nphotons = 100, cosz = -0.7, simulation time = 0.9913753986358642 minutes
numjob = 185, jobid = 248, nphotons = 100, cosz = -0.4, simulation time = 0.9915412902832031 minutes
numjob = 369, jobid = 551, nphotons = 100, cosz = -0.55, simulation time = 0.9912981192270914 minutes
numjob = 328, jobid = 477, nphotons = 100, cosz = -0.55, simulation time = 0.9912822326024373 minutes
numjob = 411, jobid = 620, nphotons = 100, cosz = -0.55, simulation time = 0.9914725343386332 minutes
numjob = 183, jobid = 246, nphotons = 100, cosz = -0.4, simulation time = 0.9915971000989278 minutes
numjob = 371, jobid = 554, nphotons = 100, cosz = -0.7, simulation time = 0.99134175380071 minutes
numjob = 461, jobid = 694, nphotons = 100, cosz = -0.55, simulation time = 0.9913391391436259 minutes
numjob = 267, jobid = 382, nphotons = 100, cosz = -0.25, simulation time = 0.9916304190953572 minutes
numjob = 112, jobid = 156, nphotons = 100, cosz = -0.25, simulation time = 0.9917578101158142 minutes
numjob = 552, jobid = 833, nphotons = 100, cosz = -0.55, simulation time = 0.9915851314862569 minutes
numjob = 315, jobid = 464, nphotons = 100, cosz = -0.4, simulation time = 0.991571593284607 minutes
numjob = 347, jobid = 529, nphotons = 100, cosz = -0.4, simulation time = 0.9915443181991577 minutes
numjob = 358, jobid = 540, nphotons = 100, cosz = -0.55, simulation time = 0.9916555484135946 minutes
numjob = 497, jobid = 754, nphotons = 100, cosz = -0.4, simulation time = 0.9913402557373047 minutes
numjob = 258, jobid = 373, nphotons = 100, cosz = -0.25, simulation time = 0.9917001167933146 minutes
numjob = 191, jobid = 254, nphotons = 100, cosz = -0.55, simulation time = 0.9917636513710022 minutes
numjob = 390, jobid = 599, nphotons = 100, cosz = -0.25, simulation time = 0.9915833353996277 minutes
numjob = 412, jobid = 621, nphotons = 100, cosz = -0.55, simulation time = 0.9919320623079936 minutes
numjob = 530, jobid = 811, nphotons = 100, cosz = -0.25, simulation time = 0.9917761802673339 minutes
numjob = 338, jobid = 520, nphotons = 100, cosz = -0.25, simulation time = 0.9918177207310994 minutes
numjob = 51, jobid = 73, nphotons = 100, cosz = -0.1, simulation time = 0.9920039137204488 minutes
numjob = 230, jobid = 310, nphotons = 100, cosz = -0.25, simulation time = 0.9918086647987365 minutes
numjob = 289, jobid = 404, nphotons = 100, cosz = -0.55, simulation time = 0.9918512503306071 minutes
numjob = 307, jobid = 456, nphotons = 100, cosz = -0.4, simulation time = 0.9920386075973511 minutes
numjob = 284, jobid = 399, nphotons = 100, cosz = -0.55, simulation time = 0.9913498401641846 minutes
numjob = 458, jobid = 691, nphotons = 100, cosz = -0.55, simulation time = 0.9916499455769857 minutes
numjob = 92, jobid = 114, nphotons = 100, cosz = -0.55, simulation time = 0.9920071800549825 minutes
numjob = 259, jobid = 374, nphotons = 100, cosz = -0.25, simulation time = 0.991924528280894 minutes
numjob = 491, jobid = 748, nphotons = 100, cosz = -0.4, simulation time = 0.9917397419611613 minutes
numjob = 379, jobid = 588, nphotons = 100, cosz = -0.25, simulation time = 0.9919396956761678 minutes
numjob = 318, jobid = 467, nphotons = 100, cosz = -0.4, simulation time = 0.9922499457995096 minutes
numjob = 200, jobid = 263, nphotons = 100, cosz = -0.55, simulation time = 0.9919909636179606 minutes
numjob = 198, jobid = 261, nphotons = 100, cosz = -0.55, simulation time = 0.9919545412063598 minutes
numjob = 281, jobid = 396, nphotons = 100, cosz = -0.55, simulation time = 0.9920668760935466 minutes
numjob = 247, jobid = 327, nphotons = 100, cosz = -0.55, simulation time = 0.9921838243802389 minutes
numjob = 378, jobid = 566, nphotons = 100, cosz = -0.85, simulation time = 0.9920199513435364 minutes
numjob = 472, jobid = 705, nphotons = 100, cosz = -0.7, simulation time = 0.9920307517051696 minutes
numjob = 25, jobid = 25, nphotons = 100, cosz = -0.4, simulation time = 0.9923440933227539 minutes
numjob = 304, jobid = 453, nphotons = 100, cosz = -0.25, simulation time = 0.9923400521278382 minutes
numjob = 124, jobid = 168, nphotons = 100, cosz = -0.4, simulation time = 0.9923272013664246 minutes
numjob = 480, jobid = 737, nphotons = 100, cosz = -0.25, simulation time = 0.9922444979349773 minutes
numjob = 585, jobid = 892, nphotons = 100, cosz = -0.4, simulation time = 0.9924030979474385 minutes
numjob = 144, jobid = 188, nphotons = 100, cosz = -0.55, simulation time = 0.9921471834182739 minutes
numjob = 429, jobid = 662, nphotons = 100, cosz = -0.25, simulation time = 0.992447570959727 minutes
numjob = 500, jobid = 757, nphotons = 100, cosz = -0.55, simulation time = 0.9922976652781169 minutes
numjob = 49, jobid = 53, nphotons = 100, cosz = -0.7, simulation time = 0.9924546122550965 minutes
numjob = 596, jobid = 903, nphotons = 100, cosz = -0.55, simulation time = 0.9923003713289896 minutes
numjob = 392, jobid = 601, nphotons = 100, cosz = -0.4, simulation time = 0.9924309293429057 minutes
numjob = 118, jobid = 162, nphotons = 100, cosz = -0.25, simulation time = 0.9927170475323995 minutes
numjob = 487, jobid = 744, nphotons = 100, cosz = -0.4, simulation time = 0.9922651569048564 minutes
numjob = 355, jobid = 537, nphotons = 100, cosz = -0.4, simulation time = 0.9924638231595357 minutes
numjob = 604, jobid = 911, nphotons = 100, cosz = -0.55, simulation time = 0.9924134413401285 minutes
numjob = 602, jobid = 909, nphotons = 100, cosz = -0.55, simulation time = 0.9924288034439087 minutes
numjob = 264, jobid = 379, nphotons = 100, cosz = -0.25, simulation time = 0.9920475363731385 minutes
numjob = 82, jobid = 104, nphotons = 100, cosz = -0.4, simulation time = 0.9927089850107829 minutes
numjob = 382, jobid = 591, nphotons = 100, cosz = -0.25, simulation time = 0.9925747235616048 minutes
numjob = 556, jobid = 837, nphotons = 100, cosz = -0.55, simulation time = 0.992700990041097 minutes
numjob = 394, jobid = 603, nphotons = 100, cosz = -0.4, simulation time = 0.9917585333188375 minutes
numjob = 332, jobid = 481, nphotons = 100, cosz = -0.7, simulation time = 0.9926495353380839 minutes
numjob = 266, jobid = 381, nphotons = 100, cosz = -0.25, simulation time = 0.9919580936431884 minutes
numjob = 525, jobid = 806, nphotons = 100, cosz = -0.25, simulation time = 0.9928919792175293 minutes
numjob = 209, jobid = 289, nphotons = 100, cosz = -0.1, simulation time = 0.9928358793258667 minutes
numjob = 368, jobid = 550, nphotons = 100, cosz = -0.55, simulation time = 0.992917263507843 minutes
numjob = 385, jobid = 594, nphotons = 100, cosz = -0.25, simulation time = 0.9927715023358663 minutes
numjob = 629, jobid = 969, nphotons = 100, cosz = -0.4, simulation time = 0.9927585164705912 minutes
numjob = 107, jobid = 151, nphotons = 100, cosz = -0.1, simulation time = 0.9930592099825541 minutes
numjob = 627, jobid = 967, nphotons = 100, cosz = -0.4, simulation time = 0.9927660783131917 minutes
numjob = 120, jobid = 164, nphotons = 100, cosz = -0.25, simulation time = 0.992647898197174 minutes
numjob = 265, jobid = 380, nphotons = 100, cosz = -0.25, simulation time = 0.9929815530776978 minutes
numjob = 254, jobid = 334, nphotons = 100, cosz = -0.55, simulation time = 0.9924292922019958 minutes
numjob = 574, jobid = 881, nphotons = 100, cosz = -0.25, simulation time = 0.993216339747111 minutes
numjob = 153, jobid = 216, nphotons = 100, cosz = -0.1, simulation time = 0.9929885705312093 minutes
numjob = 566, jobid = 851, nphotons = 100, cosz = -0.7, simulation time = 0.993295447031657 minutes
numjob = 339, jobid = 521, nphotons = 100, cosz = -0.25, simulation time = 0.9932674527168274 minutes
numjob = 252, jobid = 332, nphotons = 100, cosz = -0.55, simulation time = 0.9931939045588175 minutes
numjob = 126, jobid = 170, nphotons = 100, cosz = -0.4, simulation time = 0.9932949225107829 minutes
numjob = 28, jobid = 28, nphotons = 100, cosz = -0.4, simulation time = 0.9933603405952454 minutes
numjob = 131, jobid = 175, nphotons = 100, cosz = -0.4, simulation time = 0.9934757590293884 minutes
numjob = 359, jobid = 541, nphotons = 100, cosz = -0.55, simulation time = 0.9934539397557577 minutes
numjob = 314, jobid = 463, nphotons = 100, cosz = -0.4, simulation time = 0.9934937079747518 minutes
numjob = 302, jobid = 451, nphotons = 100, cosz = -0.25, simulation time = 0.9934812068939209 minutes
numjob = 571, jobid = 878, nphotons = 100, cosz = -0.25, simulation time = 0.993551230430603 minutes
numjob = 625, jobid = 965, nphotons = 100, cosz = -0.4, simulation time = 0.9933249990145365 minutes
numjob = 122, jobid = 166, nphotons = 100, cosz = -0.25, simulation time = 0.992945651213328 minutes
numjob = 486, jobid = 743, nphotons = 100, cosz = -0.25, simulation time = 0.9936853408813476 minutes
numjob = 72, jobid = 94, nphotons = 100, cosz = -0.25, simulation time = 0.9938605825106303 minutes
numjob = 465, jobid = 698, nphotons = 100, cosz = -0.7, simulation time = 0.9934327483177186 minutes
numjob = 485, jobid = 742, nphotons = 100, cosz = -0.25, simulation time = 0.993439507484436 minutes
numjob = 445, jobid = 678, nphotons = 100, cosz = -0.4, simulation time = 0.9935833930969238 minutes
numjob = 119, jobid = 163, nphotons = 100, cosz = -0.25, simulation time = 0.9938317894935608 minutes
numjob = 206, jobid = 272, nphotons = 100, cosz = -0.7, simulation time = 0.9937551816304525 minutes
numjob = 294, jobid = 415, nphotons = 100, cosz = -0.7, simulation time = 0.9939412593841552 minutes
numjob = 484, jobid = 741, nphotons = 100, cosz = -0.25, simulation time = 0.9937782287597656 minutes
numjob = 249, jobid = 329, nphotons = 100, cosz = -0.55, simulation time = 0.9939312140146891 minutes
numjob = 316, jobid = 465, nphotons = 100, cosz = -0.4, simulation time = 0.9942370613416036 minutes
numjob = 175, jobid = 238, nphotons = 100, cosz = -0.25, simulation time = 0.9939961075782776 minutes
numjob = 179, jobid = 242, nphotons = 100, cosz = -0.4, simulation time = 0.9932060996691386 minutes
numjob = 308, jobid = 457, nphotons = 100, cosz = -0.4, simulation time = 0.993544586499532 minutes
numjob = 348, jobid = 530, nphotons = 100, cosz = -0.4, simulation time = 0.9940525650978088 minutes
numjob = 193, jobid = 256, nphotons = 100, cosz = -0.55, simulation time = 0.9943692088127136 minutes
numjob = 108, jobid = 152, nphotons = 100, cosz = -0.1, simulation time = 0.9944426973660787 minutes
numjob = 506, jobid = 763, nphotons = 100, cosz = -0.55, simulation time = 0.9942191441853842 minutes
numjob = 70, jobid = 92, nphotons = 100, cosz = -0.25, simulation time = 0.9943161646525065 minutes
numjob = 467, jobid = 700, nphotons = 100, cosz = -0.7, simulation time = 0.9942014495531718 minutes
numjob = 613, jobid = 948, nphotons = 100, cosz = -0.25, simulation time = 0.9945036848386128 minutes
numjob = 462, jobid = 695, nphotons = 100, cosz = -0.55, simulation time = 0.9943170587221781 minutes
numjob = 270, jobid = 385, nphotons = 100, cosz = -0.4, simulation time = 0.9947013696034749 minutes
numjob = 100, jobid = 144, nphotons = 100, cosz = -0.1, simulation time = 0.994666322072347 minutes
numjob = 54, jobid = 76, nphotons = 100, cosz = -0.1, simulation time = 0.9947460254033407 minutes
numjob = 41, jobid = 41, nphotons = 100, cosz = -0.55, simulation time = 0.9947948257128397 minutes
numjob = 186, jobid = 249, nphotons = 100, cosz = -0.4, simulation time = 0.994743549823761 minutes
numjob = 21, jobid = 21, nphotons = 100, cosz = -0.25, simulation time = 0.9948919137318929 minutes
numjob = 317, jobid = 466, nphotons = 100, cosz = -0.4, simulation time = 0.9950959324836731 minutes
numjob = 432, jobid = 665, nphotons = 100, cosz = -0.25, simulation time = 0.994766370455424 minutes
numjob = 220, jobid = 300, nphotons = 100, cosz = -0.25, simulation time = 0.9950194954872131 minutes
numjob = 457, jobid = 690, nphotons = 100, cosz = -0.55, simulation time = 0.9947260220845541 minutes
numjob = 311, jobid = 460, nphotons = 100, cosz = -0.4, simulation time = 0.9951039751370748 minutes
numjob = 166, jobid = 229, nphotons = 100, cosz = -0.25, simulation time = 0.9947890718777974 minutes
numjob = 447, jobid = 680, nphotons = 100, cosz = -0.4, simulation time = 0.9948986649513245 minutes
numjob = 533, jobid = 814, nphotons = 100, cosz = -0.25, simulation time = 0.9951302766799927 minutes
numjob = 128, jobid = 172, nphotons = 100, cosz = -0.4, simulation time = 0.9950994253158569 minutes
numjob = 226, jobid = 306, nphotons = 100, cosz = -0.25, simulation time = 0.9953454216321309 minutes
numjob = 361, jobid = 543, nphotons = 100, cosz = -0.55, simulation time = 0.9952748894691468 minutes
numjob = 67, jobid = 89, nphotons = 100, cosz = -0.25, simulation time = 0.9957351684570312 minutes
numjob = 78, jobid = 100, nphotons = 100, cosz = -0.4, simulation time = 0.9955487291018168 minutes
numjob = 584, jobid = 891, nphotons = 100, cosz = -0.4, simulation time = 0.9954395016034444 minutes
numjob = 330, jobid = 479, nphotons = 100, cosz = -0.55, simulation time = 0.9955723285675049 minutes
numjob = 45, jobid = 45, nphotons = 100, cosz = -0.55, simulation time = 0.9956088344256083 minutes
numjob = 475, jobid = 732, nphotons = 100, cosz = -0.25, simulation time = 0.9954858660697937 minutes
numjob = 495, jobid = 752, nphotons = 100, cosz = -0.4, simulation time = 0.9955424110094706 minutes
numjob = 340, jobid = 522, nphotons = 100, cosz = -0.25, simulation time = 0.9956772009531657 minutes
numjob = 219, jobid = 299, nphotons = 100, cosz = -0.1, simulation time = 0.995853062470754 minutes
numjob = 135, jobid = 179, nphotons = 100, cosz = -0.4, simulation time = 0.9958128412564595 minutes
numjob = 260, jobid = 375, nphotons = 100, cosz = -0.25, simulation time = 0.9960157791773478 minutes
numjob = 59, jobid = 81, nphotons = 100, cosz = -0.1, simulation time = 0.9958229025204977 minutes
numjob = 562, jobid = 844, nphotons = 100, cosz = -0.7, simulation time = 0.9956362088521321 minutes
numjob = 277, jobid = 392, nphotons = 100, cosz = -0.4, simulation time = 0.9960181474685669 minutes
numjob = 158, jobid = 221, nphotons = 100, cosz = -0.1, simulation time = 0.9957176129023234 minutes
numjob = 640, jobid = 994, nphotons = 100, cosz = -0.7, simulation time = 0.9958459377288819 minutes
numjob = 104, jobid = 148, nphotons = 100, cosz = -0.1, simulation time = 0.996423065662384 minutes
numjob = 468, jobid = 701, nphotons = 100, cosz = -0.7, simulation time = 0.9962715268135071 minutes
numjob = 341, jobid = 523, nphotons = 100, cosz = -0.25, simulation time = 0.9964887499809265 minutes
numjob = 168, jobid = 231, nphotons = 100, cosz = -0.25, simulation time = 0.9963534752527873 minutes
numjob = 224, jobid = 304, nphotons = 100, cosz = -0.25, simulation time = 0.9966886639595032 minutes
numjob = 268, jobid = 383, nphotons = 100, cosz = -0.25, simulation time = 0.9966967066129049 minutes
numjob = 164, jobid = 227, nphotons = 100, cosz = -0.1, simulation time = 0.9962968150774638 minutes
numjob = 115, jobid = 159, nphotons = 100, cosz = -0.25, simulation time = 0.9968076944351196 minutes
numjob = 353, jobid = 535, nphotons = 100, cosz = -0.4, simulation time = 0.9967422207196553 minutes
numjob = 125, jobid = 169, nphotons = 100, cosz = -0.4, simulation time = 0.996940286954244 minutes
numjob = 160, jobid = 223, nphotons = 100, cosz = -0.1, simulation time = 0.9966774582862854 minutes
numjob = 103, jobid = 147, nphotons = 100, cosz = -0.1, simulation time = 0.9961596131324768 minutes
numjob = 109, jobid = 153, nphotons = 100, cosz = -0.1, simulation time = 0.9970251162846883 minutes
numjob = 239, jobid = 319, nphotons = 100, cosz = -0.4, simulation time = 0.996896215279897 minutes
numjob = 211, jobid = 291, nphotons = 100, cosz = -0.1, simulation time = 0.9971239924430847 minutes
numjob = 114, jobid = 158, nphotons = 100, cosz = -0.25, simulation time = 0.9972609003384908 minutes
numjob = 117, jobid = 161, nphotons = 100, cosz = -0.25, simulation time = 0.9975483775138855 minutes
numjob = 69, jobid = 91, nphotons = 100, cosz = -0.25, simulation time = 0.9974138100941976 minutes
numjob = 34, jobid = 34, nphotons = 100, cosz = -0.4, simulation time = 0.9973095536231995 minutes
numjob = 213, jobid = 293, nphotons = 100, cosz = -0.1, simulation time = 0.9974399129549663 minutes
numjob = 478, jobid = 735, nphotons = 100, cosz = -0.25, simulation time = 0.9975489934285482 minutes
numjob = 14, jobid = 14, nphotons = 100, cosz = -0.25, simulation time = 0.9974147717158 minutes
numjob = 428, jobid = 661, nphotons = 100, cosz = -0.25, simulation time = 0.9973876158396403 minutes
numjob = 102, jobid = 146, nphotons = 100, cosz = -0.1, simulation time = 0.9976739327112834 minutes
numjob = 257, jobid = 372, nphotons = 100, cosz = -0.25, simulation time = 0.9977712750434875 minutes
numjob = 11, jobid = 11, nphotons = 100, cosz = -0.1, simulation time = 0.9967799186706543 minutes
numjob = 282, jobid = 397, nphotons = 100, cosz = -0.55, simulation time = 0.997738262017568 minutes
numjob = 23, jobid = 23, nphotons = 100, cosz = -0.25, simulation time = 0.9978819410006206 minutes
numjob = 501, jobid = 758, nphotons = 100, cosz = -0.55, simulation time = 0.9975817799568176 minutes
numjob = 86, jobid = 108, nphotons = 100, cosz = -0.55, simulation time = 0.9978339950243632 minutes
numjob = 503, jobid = 760, nphotons = 100, cosz = -0.55, simulation time = 0.9976437091827393 minutes
numjob = 12, jobid = 12, nphotons = 100, cosz = -0.25, simulation time = 0.997975222269694 minutes
numjob = 101, jobid = 145, nphotons = 100, cosz = -0.1, simulation time = 0.9982910752296448 minutes
numjob = 110, jobid = 154, nphotons = 100, cosz = -0.1, simulation time = 0.9984111309051513 minutes
numjob = 278, jobid = 393, nphotons = 100, cosz = -0.4, simulation time = 0.9981033484141032 minutes
numjob = 196, jobid = 259, nphotons = 100, cosz = -0.55, simulation time = 0.9985280434290568 minutes
numjob = 194, jobid = 257, nphotons = 100, cosz = -0.55, simulation time = 0.9984752933184305 minutes
numjob = 58, jobid = 80, nphotons = 100, cosz = -0.1, simulation time = 0.99864262342453 minutes
numjob = 18, jobid = 18, nphotons = 100, cosz = -0.25, simulation time = 0.9981255968411763 minutes
numjob = 607, jobid = 914, nphotons = 100, cosz = -0.7, simulation time = 0.9985968828201294 minutes
numjob = 279, jobid = 394, nphotons = 100, cosz = -0.4, simulation time = 0.9989996671676635 minutes
numjob = 535, jobid = 816, nphotons = 100, cosz = -0.4, simulation time = 0.9988438407580058 minutes
numjob = 161, jobid = 224, nphotons = 100, cosz = -0.1, simulation time = 0.9989833076794942 minutes
numjob = 524, jobid = 805, nphotons = 100, cosz = -0.25, simulation time = 0.9993190368016561 minutes
numjob = 626, jobid = 966, nphotons = 100, cosz = -0.4, simulation time = 0.999173355102539 minutes
numjob = 642, jobid = 1049, nphotons = 100, cosz = -0.55, simulation time = 0.9992841204007467 minutes
numjob = 2, jobid = 2, nphotons = 100, cosz = -0.1, simulation time = 0.999606720606486 minutes
numjob = 269, jobid = 384, nphotons = 100, cosz = -0.4, simulation time = 0.9993621269861858 minutes
numjob = 393, jobid = 602, nphotons = 100, cosz = -0.4, simulation time = 0.9993885397911072 minutes
numjob = 505, jobid = 762, nphotons = 100, cosz = -0.55, simulation time = 0.9996132016181946 minutes
numjob = 138, jobid = 182, nphotons = 100, cosz = -0.55, simulation time = 0.9988808830579122 minutes
numjob = 384, jobid = 593, nphotons = 100, cosz = -0.25, simulation time = 1.0001383980115255 minutes
numjob = 581, jobid = 888, nphotons = 100, cosz = -0.4, simulation time = 0.9998436331748962 minutes
numjob = 56, jobid = 78, nphotons = 100, cosz = -0.1, simulation time = 1.0002636671066285 minutes
numjob = 143, jobid = 187, nphotons = 100, cosz = -0.55, simulation time = 1.0000853896141053 minutes
numjob = 234, jobid = 314, nphotons = 100, cosz = -0.4, simulation time = 1.0001805146535239 minutes
numjob = 578, jobid = 885, nphotons = 100, cosz = -0.25, simulation time = 1.0002291917800903 minutes
numjob = 189, jobid = 252, nphotons = 100, cosz = -0.55, simulation time = 1.000296127796173 minutes
numjob = 94, jobid = 116, nphotons = 100, cosz = -0.55, simulation time = 1.000305946667989 minutes
numjob = 354, jobid = 536, nphotons = 100, cosz = -0.4, simulation time = 1.000408168633779 minutes
numjob = 494, jobid = 751, nphotons = 100, cosz = -0.4, simulation time = 1.0003891587257385 minutes
numjob = 477, jobid = 734, nphotons = 100, cosz = -0.25, simulation time = 1.0000921169916788 minutes
numjob = 106, jobid = 150, nphotons = 100, cosz = -0.1, simulation time = 1.000585182507833 minutes
numjob = 208, jobid = 288, nphotons = 100, cosz = -0.1, simulation time = 1.0003512422243754 minutes
numjob = 422, jobid = 631, nphotons = 100, cosz = -0.7, simulation time = 1.0007042010625204 minutes
numjob = 399, jobid = 608, nphotons = 100, cosz = -0.4, simulation time = 1.000786590576172 minutes
numjob = 66, jobid = 88, nphotons = 100, cosz = -0.25, simulation time = 1.000867489973704 minutes
numjob = 238, jobid = 318, nphotons = 100, cosz = -0.4, simulation time = 1.0008788347244262 minutes
numjob = 156, jobid = 219, nphotons = 100, cosz = -0.1, simulation time = 1.0008021712303161 minutes
numjob = 52, jobid = 74, nphotons = 100, cosz = -0.1, simulation time = 1.001264456907908 minutes
numjob = 555, jobid = 836, nphotons = 100, cosz = -0.55, simulation time = 1.0009740352630616 minutes
numjob = 176, jobid = 239, nphotons = 100, cosz = -0.25, simulation time = 1.0010229349136353 minutes
numjob = 313, jobid = 462, nphotons = 100, cosz = -0.4, simulation time = 1.0012128949165344 minutes
numjob = 163, jobid = 226, nphotons = 100, cosz = -0.1, simulation time = 1.0014284292856852 minutes
numjob = 167, jobid = 230, nphotons = 100, cosz = -0.25, simulation time = 1.0014571030934651 minutes
numjob = 324, jobid = 473, nphotons = 100, cosz = -0.55, simulation time = 1.0015923579533894 minutes
numjob = 87, jobid = 109, nphotons = 100, cosz = -0.55, simulation time = 1.0005593299865723 minutes
numjob = 60, jobid = 82, nphotons = 100, cosz = -0.1, simulation time = 1.001958958307902 minutes
numjob = 569, jobid = 876, nphotons = 100, cosz = -0.25, simulation time = 1.0017976363499959 minutes
numjob = 202, jobid = 265, nphotons = 100, cosz = -0.7, simulation time = 1.0020169933636984 minutes
numjob = 312, jobid = 461, nphotons = 100, cosz = -0.4, simulation time = 1.002086301644643 minutes
numjob = 425, jobid = 634, nphotons = 100, cosz = -0.7, simulation time = 1.0021893819173178 minutes
numjob = 360, jobid = 542, nphotons = 100, cosz = -0.55, simulation time = 1.002295466264089 minutes
numjob = 83, jobid = 105, nphotons = 100, cosz = -0.4, simulation time = 1.0023997982343038 minutes
numjob = 319, jobid = 468, nphotons = 100, cosz = -0.55, simulation time = 1.0022244811058045 minutes
numjob = 173, jobid = 236, nphotons = 100, cosz = -0.25, simulation time = 1.0023764689763388 minutes
numjob = 157, jobid = 220, nphotons = 100, cosz = -0.1, simulation time = 1.0025896668434142 minutes
numjob = 154, jobid = 217, nphotons = 100, cosz = -0.1, simulation time = 1.0023613214492797 minutes
numjob = 611, jobid = 923, nphotons = 100, cosz = -0.7, simulation time = 1.0025973240534465 minutes
numjob = 441, jobid = 674, nphotons = 100, cosz = -0.4, simulation time = 1.0025890270868938 minutes
numjob = 463, jobid = 696, nphotons = 100, cosz = -0.7, simulation time = 1.0025774359703064 minutes
numjob = 383, jobid = 592, nphotons = 100, cosz = -0.25, simulation time = 1.002633817990621 minutes
numjob = 560, jobid = 842, nphotons = 100, cosz = -0.7, simulation time = 1.002772569656372 minutes
numjob = 376, jobid = 560, nphotons = 100, cosz = -0.7, simulation time = 1.0026507019996642 minutes
numjob = 61, jobid = 83, nphotons = 100, cosz = -0.1, simulation time = 1.0030890623728435 minutes
numjob = 292, jobid = 407, nphotons = 100, cosz = -0.55, simulation time = 1.0025733629862468 minutes
numjob = 443, jobid = 676, nphotons = 100, cosz = -0.4, simulation time = 1.0027882297833761 minutes
numjob = 519, jobid = 777, nphotons = 100, cosz = -0.7, simulation time = 1.0029866774876912 minutes
numjob = 357, jobid = 539, nphotons = 100, cosz = -0.4, simulation time = 1.0030170321464538 minutes
numjob = 263, jobid = 378, nphotons = 100, cosz = -0.25, simulation time = 1.0033048311869304 minutes
numjob = 504, jobid = 761, nphotons = 100, cosz = -0.55, simulation time = 1.0032293677330018 minutes
numjob = 388, jobid = 597, nphotons = 100, cosz = -0.25, simulation time = 1.0033416867256164 minutes
numjob = 19, jobid = 19, nphotons = 100, cosz = -0.25, simulation time = 1.0035640517870585 minutes
numjob = 455, jobid = 688, nphotons = 100, cosz = -0.55, simulation time = 1.0034275770187377 minutes
numjob = 286, jobid = 401, nphotons = 100, cosz = -0.55, simulation time = 1.003804659843445 minutes
numjob = 404, jobid = 613, nphotons = 100, cosz = -0.55, simulation time = 1.003922422726949 minutes
numjob = 436, jobid = 669, nphotons = 100, cosz = -0.25, simulation time = 1.0039544820785522 minutes
numjob = 349, jobid = 531, nphotons = 100, cosz = -0.4, simulation time = 1.0041828234990438 minutes
numjob = 207, jobid = 274, nphotons = 100, cosz = -0.7, simulation time = 1.004039740562439 minutes
numjob = 229, jobid = 309, nphotons = 100, cosz = -0.25, simulation time = 1.0041435400644938 minutes
numjob = 3, jobid = 3, nphotons = 100, cosz = -0.1, simulation time = 1.0045812845230102 minutes
numjob = 351, jobid = 533, nphotons = 100, cosz = -0.4, simulation time = 1.0044787089029947 minutes
numjob = 582, jobid = 889, nphotons = 100, cosz = -0.4, simulation time = 1.0047616600990295 minutes
numjob = 188, jobid = 251, nphotons = 100, cosz = -0.4, simulation time = 1.0045633951822917 minutes
numjob = 512, jobid = 769, nphotons = 100, cosz = -0.7, simulation time = 1.004676338036855 minutes
numjob = 641, jobid = 1033, nphotons = 100, cosz = -0.4, simulation time = 1.0045709093411763 minutes
numjob = 285, jobid = 400, nphotons = 100, cosz = -0.55, simulation time = 1.0050238649050394 minutes
numjob = 6, jobid = 6, nphotons = 100, cosz = -0.1, simulation time = 1.005281182130178 minutes
numjob = 523, jobid = 804, nphotons = 100, cosz = -0.25, simulation time = 1.0050331910451253 minutes
numjob = 372, jobid = 555, nphotons = 100, cosz = -0.7, simulation time = 1.0052045067151387 minutes
numjob = 159, jobid = 222, nphotons = 100, cosz = -0.1, simulation time = 1.005250902970632 minutes
numjob = 514, jobid = 771, nphotons = 100, cosz = -0.7, simulation time = 1.005336598555247 minutes
numjob = 39, jobid = 39, nphotons = 100, cosz = -0.55, simulation time = 1.0054185748100282 minutes
numjob = 296, jobid = 445, nphotons = 100, cosz = -0.25, simulation time = 1.005205996831258 minutes
numjob = 499, jobid = 756, nphotons = 100, cosz = -0.55, simulation time = 1.0051945010821024 minutes
numjob = 4, jobid = 4, nphotons = 100, cosz = -0.1, simulation time = 1.0056844234466553 minutes
numjob = 210, jobid = 290, nphotons = 100, cosz = -0.1, simulation time = 1.0057043313980103 minutes
numjob = 439, jobid = 672, nphotons = 100, cosz = -0.4, simulation time = 1.0054168303807576 minutes
numjob = 374, jobid = 557, nphotons = 100, cosz = -0.7, simulation time = 1.0056372960408528 minutes
numjob = 26, jobid = 26, nphotons = 100, cosz = -0.4, simulation time = 1.0059218168258668 minutes
numjob = 377, jobid = 562, nphotons = 100, cosz = -0.7, simulation time = 1.0056587656339009 minutes
numjob = 152, jobid = 202, nphotons = 100, cosz = -0.7, simulation time = 1.0056846737861633 minutes
numjob = 30, jobid = 30, nphotons = 100, cosz = -0.4, simulation time = 1.0058979074160257 minutes
numjob = 97, jobid = 119, nphotons = 100, cosz = -0.55, simulation time = 1.0060157259305318 minutes
numjob = 547, jobid = 828, nphotons = 100, cosz = -0.55, simulation time = 1.006232484181722 minutes
numjob = 272, jobid = 387, nphotons = 100, cosz = -0.4, simulation time = 1.0063738505045572 minutes
numjob = 221, jobid = 301, nphotons = 100, cosz = -0.25, simulation time = 1.0065673867861429 minutes
numjob = 172, jobid = 235, nphotons = 100, cosz = -0.25, simulation time = 1.0064451734224955 minutes
numjob = 335, jobid = 517, nphotons = 100, cosz = -0.25, simulation time = 1.0065916498502097 minutes
numjob = 442, jobid = 675, nphotons = 100, cosz = -0.4, simulation time = 1.006621034940084 minutes
numjob = 375, jobid = 558, nphotons = 100, cosz = -0.7, simulation time = 1.0066941539446512 minutes
numjob = 381, jobid = 590, nphotons = 100, cosz = -0.25, simulation time = 1.0066350857416788 minutes
numjob = 227, jobid = 307, nphotons = 100, cosz = -0.25, simulation time = 1.0069130063056946 minutes
numjob = 123, jobid = 167, nphotons = 100, cosz = -0.25, simulation time = 1.0069599191347758 minutes
numjob = 140, jobid = 184, nphotons = 100, cosz = -0.55, simulation time = 1.0067135691642761 minutes
numjob = 177, jobid = 240, nphotons = 100, cosz = -0.4, simulation time = 1.0068505644798278 minutes
numjob = 243, jobid = 323, nphotons = 100, cosz = -0.4, simulation time = 1.0069337805112204 minutes
numjob = 427, jobid = 660, nphotons = 100, cosz = -0.25, simulation time = 1.0071063121159871 minutes
numjob = 610, jobid = 921, nphotons = 100, cosz = -0.7, simulation time = 1.0071575363477072 minutes
numjob = 255, jobid = 335, nphotons = 100, cosz = -0.55, simulation time = 1.0072429815928141 minutes
numjob = 187, jobid = 250, nphotons = 100, cosz = -0.4, simulation time = 1.0072312513987223 minutes
numjob = 310, jobid = 459, nphotons = 100, cosz = -0.4, simulation time = 1.007108501593272 minutes
numjob = 594, jobid = 901, nphotons = 100, cosz = -0.55, simulation time = 1.0071353514989216 minutes
numjob = 280, jobid = 395, nphotons = 100, cosz = -0.4, simulation time = 1.0072792609532675 minutes
numjob = 600, jobid = 907, nphotons = 100, cosz = -0.55, simulation time = 1.007213819026947 minutes
numjob = 250, jobid = 330, nphotons = 100, cosz = -0.55, simulation time = 1.0072030703226724 minutes
numjob = 290, jobid = 405, nphotons = 100, cosz = -0.55, simulation time = 1.0073279062906901 minutes
numjob = 130, jobid = 174, nphotons = 100, cosz = -0.4, simulation time = 1.0075523416201273 minutes
numjob = 389, jobid = 598, nphotons = 100, cosz = -0.25, simulation time = 1.0076337814331056 minutes
numjob = 147, jobid = 191, nphotons = 100, cosz = -0.55, simulation time = 1.0075133999188741 minutes
numjob = 233, jobid = 313, nphotons = 100, cosz = -0.4, simulation time = 1.0077041228612265 minutes
numjob = 62, jobid = 84, nphotons = 100, cosz = -0.25, simulation time = 1.0076277732849122 minutes
numjob = 430, jobid = 663, nphotons = 100, cosz = -0.25, simulation time = 1.0079892834027608 minutes
numjob = 146, jobid = 190, nphotons = 100, cosz = -0.55, simulation time = 1.007730782032013 minutes
numjob = 43, jobid = 43, nphotons = 100, cosz = -0.55, simulation time = 1.0079198678334553 minutes
numjob = 180, jobid = 243, nphotons = 100, cosz = -0.4, simulation time = 1.0080268065134683 minutes
numjob = 451, jobid = 684, nphotons = 100, cosz = -0.55, simulation time = 1.008011281490326 minutes
numjob = 88, jobid = 110, nphotons = 100, cosz = -0.55, simulation time = 1.0078860203425088 minutes
numjob = 543, jobid = 824, nphotons = 100, cosz = -0.4, simulation time = 1.008034638563792 minutes
numjob = 297, jobid = 446, nphotons = 100, cosz = -0.25, simulation time = 1.0079717636108398 minutes
numjob = 256, jobid = 352, nphotons = 100, cosz = -0.85, simulation time = 1.0080273906389872 minutes
numjob = 274, jobid = 389, nphotons = 100, cosz = -0.4, simulation time = 1.0081730802853903 minutes
numjob = 42, jobid = 42, nphotons = 100, cosz = -0.55, simulation time = 1.008172337214152 minutes
numjob = 20, jobid = 20, nphotons = 100, cosz = -0.25, simulation time = 1.0083974123001098 minutes
numjob = 575, jobid = 882, nphotons = 100, cosz = -0.25, simulation time = 1.0082964698473613 minutes
numjob = 1, jobid = 1, nphotons = 100, cosz = -0.1, simulation time = 1.0076469699541728 minutes
numjob = 192, jobid = 255, nphotons = 100, cosz = -0.55, simulation time = 1.0083220601081848 minutes
numjob = 416, jobid = 625, nphotons = 100, cosz = -0.7, simulation time = 1.0084164222081502 minutes
numjob = 326, jobid = 475, nphotons = 100, cosz = -0.55, simulation time = 1.0085638046264649 minutes
numjob = 402, jobid = 611, nphotons = 100, cosz = -0.4, simulation time = 1.0085680683453877 minutes
numjob = 212, jobid = 292, nphotons = 100, cosz = -0.1, simulation time = 1.008320418993632 minutes
numjob = 99, jobid = 121, nphotons = 100, cosz = -0.7, simulation time = 1.0088569402694703 minutes
numjob = 178, jobid = 241, nphotons = 100, cosz = -0.4, simulation time = 1.0085586865743001 minutes
numjob = 438, jobid = 671, nphotons = 100, cosz = -0.25, simulation time = 1.0086914420127868 minutes
numjob = 546, jobid = 827, nphotons = 100, cosz = -0.4, simulation time = 1.008840032418569 minutes
numjob = 133, jobid = 177, nphotons = 100, cosz = -0.4, simulation time = 1.0087592005729675 minutes
numjob = 345, jobid = 527, nphotons = 100, cosz = -0.25, simulation time = 1.0075465242067974 minutes
numjob = 337, jobid = 519, nphotons = 100, cosz = -0.25, simulation time = 1.0087685505549113 minutes
numjob = 105, jobid = 149, nphotons = 100, cosz = -0.1, simulation time = 1.0091620286305745 minutes
numjob = 362, jobid = 544, nphotons = 100, cosz = -0.55, simulation time = 1.0090243895848592 minutes
numjob = 470, jobid = 703, nphotons = 100, cosz = -0.7, simulation time = 1.0087783137957256 minutes
numjob = 24, jobid = 24, nphotons = 100, cosz = -0.4, simulation time = 1.008981474240621 minutes
numjob = 232, jobid = 312, nphotons = 100, cosz = -0.4, simulation time = 1.0089697559674582 minutes
numjob = 537, jobid = 818, nphotons = 100, cosz = -0.4, simulation time = 1.0089017152786255 minutes
numjob = 570, jobid = 877, nphotons = 100, cosz = -0.25, simulation time = 1.0091303904851279 minutes
numjob = 68, jobid = 90, nphotons = 100, cosz = -0.25, simulation time = 1.0091537952423095 minutes
numjob = 483, jobid = 740, nphotons = 100, cosz = -0.25, simulation time = 1.0091381589571635 minutes
numjob = 57, jobid = 79, nphotons = 100, cosz = -0.1, simulation time = 1.0097095608711242 minutes
numjob = 301, jobid = 450, nphotons = 100, cosz = -0.25, simulation time = 1.0096466581026713 minutes
numjob = 223, jobid = 303, nphotons = 100, cosz = -0.25, simulation time = 1.0093766490618388 minutes
numjob = 218, jobid = 298, nphotons = 100, cosz = -0.1, simulation time = 1.0095539132754008 minutes
numjob = 134, jobid = 178, nphotons = 100, cosz = -0.4, simulation time = 1.0095543225606283 minutes
numjob = 482, jobid = 739, nphotons = 100, cosz = -0.25, simulation time = 1.0097804387410483 minutes
numjob = 431, jobid = 664, nphotons = 100, cosz = -0.25, simulation time = 1.010191261768341 minutes
numjob = 253, jobid = 333, nphotons = 100, cosz = -0.55, simulation time = 1.010432195663452 minutes
numjob = 22, jobid = 22, nphotons = 100, cosz = -0.25, simulation time = 1.0101420998573303 minutes
numjob = 346, jobid = 528, nphotons = 100, cosz = -0.4, simulation time = 1.0106921235720316 minutes
numjob = 489, jobid = 746, nphotons = 100, cosz = -0.4, simulation time = 1.0108743588129678 minutes
numjob = 400, jobid = 609, nphotons = 100, cosz = -0.4, simulation time = 1.0109463771184286 minutes
numjob = 454, jobid = 687, nphotons = 100, cosz = -0.55, simulation time = 1.0110840320587158 minutes
numjob = 306, jobid = 455, nphotons = 100, cosz = -0.25, simulation time = 1.0110095938046773 minutes
numjob = 526, jobid = 807, nphotons = 100, cosz = -0.25, simulation time = 1.011378240585327 minutes
numjob = 74, jobid = 96, nphotons = 100, cosz = -0.4, simulation time = 1.0115131338437398 minutes
numjob = 276, jobid = 391, nphotons = 100, cosz = -0.4, simulation time = 1.01137725909551 minutes
numjob = 595, jobid = 902, nphotons = 100, cosz = -0.55, simulation time = 1.0120238780975341 minutes
numjob = 16, jobid = 16, nphotons = 100, cosz = -0.25, simulation time = 1.0121112744013467 minutes
numjob = 15, jobid = 15, nphotons = 100, cosz = -0.25, simulation time = 1.012165629863739 minutes
numjob = 577, jobid = 884, nphotons = 100, cosz = -0.25, simulation time = 1.012138342857361 minutes
numjob = 162, jobid = 225, nphotons = 100, cosz = -0.1, simulation time = 1.012117858727773 minutes
numjob = 492, jobid = 749, nphotons = 100, cosz = -0.4, simulation time = 1.0121748248736064 minutes
numjob = 90, jobid = 112, nphotons = 100, cosz = -0.55, simulation time = 1.012006409962972 minutes
numjob = 8, jobid = 8, nphotons = 100, cosz = -0.1, simulation time = 1.012756085395813 minutes
numjob = 127, jobid = 171, nphotons = 100, cosz = -0.4, simulation time = 1.012712840239207 minutes
numjob = 35, jobid = 35, nphotons = 100, cosz = -0.4, simulation time = 1.012600874900818 minutes
numjob = 544, jobid = 825, nphotons = 100, cosz = -0.4, simulation time = 1.0128367781639098 minutes
numjob = 71, jobid = 93, nphotons = 100, cosz = -0.25, simulation time = 1.0129209597905477 minutes
numjob = 38, jobid = 38, nphotons = 100, cosz = -0.55, simulation time = 1.012808652718862 minutes
numjob = 391, jobid = 600, nphotons = 100, cosz = -0.4, simulation time = 1.0128064473470053 minutes
numjob = 350, jobid = 532, nphotons = 100, cosz = -0.4, simulation time = 1.0131941159566245 minutes
numjob = 342, jobid = 524, nphotons = 100, cosz = -0.25, simulation time = 1.013430909315745 minutes
numjob = 333, jobid = 482, nphotons = 100, cosz = -0.7, simulation time = 1.0138915181159973 minutes
numjob = 225, jobid = 305, nphotons = 100, cosz = -0.25, simulation time = 1.0140723903973898 minutes
numjob = 9, jobid = 9, nphotons = 100, cosz = -0.1, simulation time = 1.014651596546173 minutes
numjob = 53, jobid = 75, nphotons = 100, cosz = -0.1, simulation time = 1.014770503838857 minutes
numjob = 395, jobid = 604, nphotons = 100, cosz = -0.4, simulation time = 1.0145952502886455 minutes
numjob = 64, jobid = 86, nphotons = 100, cosz = -0.25, simulation time = 1.015762694676717 minutes
numjob = 65, jobid = 87, nphotons = 100, cosz = -0.25, simulation time = 1.0162302692731222 minutes
numjob = 155, jobid = 218, nphotons = 100, cosz = -0.1, simulation time = 1.0162163893381755 minutes
numjob = 366, jobid = 548, nphotons = 100, cosz = -0.55, simulation time = 1.0157578508059184 minutes
numjob = 473, jobid = 707, nphotons = 100, cosz = -0.7, simulation time = 1.0174768527348836 minutes
numjob = 597, jobid = 904, nphotons = 100, cosz = -0.55, simulation time = 1.0179657618204752 minutes
numjob = 55, jobid = 77, nphotons = 100, cosz = -0.1, simulation time = 1.0180229902267457 minutes
numjob = 529, jobid = 810, nphotons = 100, cosz = -0.25, simulation time = 1.018443504969279 minutes
numjob = 291, jobid = 406, nphotons = 100, cosz = -0.55, simulation time = 1.0188959002494813 minutes
numjob = 459, jobid = 692, nphotons = 100, cosz = -0.55, simulation time = 1.0194695353507996 minutes
numjob = 111, jobid = 155, nphotons = 100, cosz = -0.1, simulation time = 1.0196020921071371 minutes
numjob = 7, jobid = 7, nphotons = 100, cosz = -0.1, simulation time = 1.0191846291224163 minutes
numjob = 541, jobid = 822, nphotons = 100, cosz = -0.4, simulation time = 1.0200997114181518 minutes
numjob = 75, jobid = 97, nphotons = 100, cosz = -0.4, simulation time = 1.0212636788686116 minutes
numjob = 171, jobid = 234, nphotons = 100, cosz = -0.25, simulation time = 1.0214953740437827 minutes
numjob = 403, jobid = 612, nphotons = 100, cosz = -0.55, simulation time = 1.0218772133191427 minutes
numjob = 235, jobid = 315, nphotons = 100, cosz = -0.4, simulation time = 1.0221138834953307 minutes
numjob = 271, jobid = 386, nphotons = 100, cosz = -0.4, simulation time = 1.0219409624735514 minutes
numjob = 181, jobid = 244, nphotons = 100, cosz = -0.4, simulation time = 1.0223425070444743 minutes
numjob = 10, jobid = 10, nphotons = 100, cosz = -0.1, simulation time = 1.0253712256749472 minutes
numjob = 113, jobid = 157, nphotons = 100, cosz = -0.25, simulation time = 1.0275821447372437 minutes
numjob = 63, jobid = 85, nphotons = 100, cosz = -0.25, simulation time = 1.0294671893119811 minutes
numjob = 0, jobid = 0, nphotons = 100, cosz = -0.1, simulation time = 1.024103061358134 minutes
numjob = 5, jobid = 5, nphotons = 100, cosz = -0.1, simulation time = 1.0354696353276571 minutes
